[INFO] Scanning for projects...
[INFO] 
[INFO] -------------------< com.mediflow:mediflow-backend >--------------------
[INFO] Building mediflow-backend 0.0.1-SNAPSHOT
[INFO]   from pom.xml
[INFO] --------------------------------[ jar ]---------------------------------
[INFO] 
[INFO] >>> spring-boot:3.3.0:run (default-cli) > test-compile @ mediflow-backend >>>
[INFO] 
[INFO] --- resources:3.3.1:resources (default-resources) @ mediflow-backend ---
[INFO] Copying 3 resources from src\main\resources to target\classes
[INFO] Copying 0 resource from src\main\resources to target\classes
[INFO] 
[INFO] --- compiler:3.13.0:compile (default-compile) @ mediflow-backend ---
[INFO] Nothing to compile - all classes are up to date.
[INFO] 
[INFO] --- resources:3.3.1:testResources (default-testResources) @ mediflow-backend ---
[INFO] Copying 1 resource from src\test\resources to target\test-classes
[INFO] 
[INFO] --- compiler:3.13.0:testCompile (default-testCompile) @ mediflow-backend ---
[INFO] Nothing to compile - all classes are up to date.
[INFO] 
[INFO] <<< spring-boot:3.3.0:run (default-cli) < test-compile @ mediflow-backend <<<
[INFO] 
[INFO] 
[INFO] --- spring-boot:3.3.0:run (default-cli) @ mediflow-backend ---
[INFO] Attaching agents: []
  .   ____          _            __ _ _
 /\\ / ___'_ __ _ _(_)_ __  __ _ \ \ \ \
( ( )\___ | '_ | '_| | '_ \/ _` | \ \ \ \
 \\/  ___)| |_)| | | | | || (_| |  ) ) ) )
  '  |____| .__|_| |_|_| |_\__, | / / / /
 =========|_|==============|___/=/_/_/_/

 :: Spring Boot ::                (v3.3.0)

2026-06-17T20:13:37.272+05:30  INFO 16388 --- [           main] com.mediflow.MediFlowApplication         : Starting MediFlowApplication using Java 26.0.1 with PID 16388 (C:\Users\asus\Desktop\Projects\mediflow-backend\target\classes started by asus in C:\Users\asus\Desktop\Projects\mediflow-backend)
2026-06-17T20:13:37.274+05:30 DEBUG 16388 --- [           main] com.mediflow.MediFlowApplication         : Running with Spring Boot v3.3.0, Spring v6.1.8
2026-06-17T20:13:37.275+05:30  INFO 16388 --- [           main] com.mediflow.MediFlowApplication         : The following 1 profile is active: "test"
2026-06-17T20:13:38.439+05:30  INFO 16388 --- [           main] .s.d.r.c.RepositoryConfigurationDelegate : Bootstrapping Spring Data JPA repositories in DEFAULT mode.
2026-06-17T20:13:38.555+05:30  INFO 16388 --- [           main] .s.d.r.c.RepositoryConfigurationDelegate : Finished Spring Data repository scanning in 106 ms. Found 8 JPA repository interfaces.
WARNING: A restricted method in java.lang.System has been called
WARNING: java.lang.System::load has been called by org.apache.tomcat.jni.Library in an unnamed module (file:/C:/Users/asus/.m2/repository/org/apache/tomcat/embed/tomcat-embed-core/10.1.24/tomcat-embed-core-10.1.24.jar)
WARNING: Use --enable-native-access=ALL-UNNAMED to avoid a warning for callers in this module
WARNING: Restricted methods will be blocked in a future release unless native access is enabled

2026-06-17T20:13:39.423+05:30  INFO 16388 --- [           main] o.s.b.w.embedded.tomcat.TomcatWebServer  : Tomcat initialized with port 8080 (http)
2026-06-17T20:13:39.446+05:30  INFO 16388 --- [           main] o.apache.catalina.core.StandardService   : Starting service [Tomcat]
2026-06-17T20:13:39.447+05:30  INFO 16388 --- [           main] o.apache.catalina.core.StandardEngine    : Starting Servlet engine: [Apache Tomcat/10.1.24]
2026-06-17T20:13:39.560+05:30  INFO 16388 --- [           main] o.a.c.c.C.[Tomcat].[localhost].[/]       : Initializing Spring embedded WebApplicationContext
2026-06-17T20:13:39.561+05:30  INFO 16388 --- [           main] w.s.c.ServletWebServerApplicationContext : Root WebApplicationContext: initialization completed in 2208 ms
2026-06-17T20:13:39.767+05:30  INFO 16388 --- [           main] o.hibernate.jpa.internal.util.LogHelper  : HHH000204: Processing PersistenceUnitInfo [name: default]
2026-06-17T20:13:39.891+05:30  INFO 16388 --- [           main] org.hibernate.Version                    : HHH000412: Hibernate ORM core version 6.5.2.Final
2026-06-17T20:13:39.943+05:30  INFO 16388 --- [           main] o.h.c.internal.RegionFactoryInitiator    : HHH000026: Second-level cache disabled
2026-06-17T20:13:40.423+05:30  INFO 16388 --- [           main] o.s.o.j.p.SpringPersistenceUnitInfo      : No LoadTimeWeaver setup: ignoring JPA class transformer
2026-06-17T20:13:40.468+05:30  INFO 16388 --- [           main] com.zaxxer.hikari.HikariDataSource       : HikariPool-1 - Starting...
2026-06-17T20:13:40.791+05:30  INFO 16388 --- [           main] com.zaxxer.hikari.pool.HikariPool        : HikariPool-1 - Added connection conn0: url=jdbc:h2:mem:mediflow_test user=SA
2026-06-17T20:13:40.793+05:30  INFO 16388 --- [           main] com.zaxxer.hikari.HikariDataSource       : HikariPool-1 - Start completed.
2026-06-17T20:13:40.852+05:30  WARN 16388 --- [           main] org.hibernate.dialect.Dialect            : HHH000511: The 2.2.224 version for [org.hibernate.dialect.PostgreSQLDialect] is no longer supported, hence certain features may not work properly. The minimum supported version is 12.0.0. Check the community dialects project for available legacy versions.
2026-06-17T20:13:40.862+05:30  WARN 16388 --- [           main] org.hibernate.orm.deprecation            : HHH90000025: PostgreSQLDialect does not need to be specified explicitly using 'hibernate.dialect' (remove the property setting and it will be selected by default)
2026-06-17T20:13:42.595+05:30  INFO 16388 --- [           main] o.h.e.t.j.p.i.JtaPlatformInitiator       : HHH000489: No JTA platform available (set 'hibernate.transaction.jta.platform' to enable JTA platform integration)
Hibernate: 
    create table appointments (
        id bigint generated by default as identity,
        appointment_date timestamp(6) not null,
        created_at timestamp(6),
        notes TEXT,
        reason varchar(255) not null,
        status varchar(20) not null check (status in ('PENDING','APPROVED','REJECTED','COMPLETED','CANCELLED','SCHEDULED')),
        updated_at timestamp(6),
        doctor_id bigint not null,
        patient_id bigint not null,
        primary key (id)
    )
Hibernate: 
    create table doctors (
        id bigint generated by default as identity,
        availability TEXT,
        bio TEXT,
        consultation_fee numeric(10,2) not null,
        created_at timestamp(6),
        experience integer,
        languages varchar(250),
        license_number varchar(50) not null,
        phone varchar(20),
        qualification varchar(200),
        specialization varchar(100) not null,
        status varchar(20) not null check (status in ('PENDING','APPROVED','REJECTED','SUSPENDED')),
        hospital_id bigint,
        user_id bigint not null,
        primary key (id)
    )
Hibernate: 
    create table hospitals (
        id bigint generated by default as identity,
        address TEXT not null,
        city varchar(100),
        created_at timestamp(6),
        description TEXT,
        email varchar(100),
        emergency_services_available boolean,
        facilities TEXT,
        hospital_type varchar(100),
        latitude float(53),
        license_number varchar(100),
        logo_avatar varchar(50),
        longitude float(53),
        name varchar(150) not null,
        number_of_beds integer,
        phone varchar(20),
        pincode varchar(20),
        state varchar(100),
        updated_at timestamp(6),
        website varchar(200),
        primary key (id)
    )
Hibernate: 
    create table medical_records (
        id bigint generated by default as identity,
        created_at timestamp(6),
        diagnosis varchar(255) not null,
        prescription TEXT not null,
        treatment_notes TEXT,
        visit_date date not null,
        doctor_id bigint not null,
        patient_id bigint not null,
        primary key (id)
    )
Hibernate: 
    create table notifications (
        id bigint generated by default as identity,
        created_at timestamp(6),
        message TEXT not null,
        is_read boolean not null,
        user_id bigint not null,
        primary key (id)
    )
Hibernate: 
    create table patients (
        id bigint generated by default as identity,
        address TEXT,
        blood_type varchar(5),
        created_at timestamp(6),
        date_of_birth date not null,
        emergency_contact varchar(100),
        gender varchar(20) not null,
        medical_notes TEXT,
        phone varchar(20) not null,
        user_id bigint not null,
        primary key (id)
    )
Hibernate: 
    create table prescriptions (
        id bigint generated by default as identity,
        created_at timestamp(6),
        dosage TEXT,
        instructions TEXT,
        medicines_json TEXT,
        notes TEXT,
        prescription_date date not null,
        doctor_id bigint not null,
        hospital_id bigint not null,
        patient_id bigint not null,
        primary key (id)
    )
Hibernate: 
    create table users (
        id bigint generated by default as identity,
        avatar_id varchar(50),
        city varchar(100),
        country varchar(100),
        created_at timestamp(6),
        email varchar(100) not null,
        first_name varchar(50) not null,
        last_name varchar(50) not null,
        password varchar(100) not null,
        provider varchar(20) not null check (provider in ('LOCAL','GOOGLE')),
        role varchar(20) not null check (role in ('PLATFORM_ADMIN','HOSPITAL_ADMIN','DOCTOR','PATIENT')),
        state varchar(100),
        updated_at timestamp(6),
        username varchar(50) not null,
        hospital_id bigint,
        primary key (id)
    )
Hibernate: 
    alter table if exists doctors 
       drop constraint if exists UK1xu5x0jae737xae254t4rgcd1
Hibernate: 
    alter table if exists doctors 
       add constraint UK1xu5x0jae737xae254t4rgcd1 unique (license_number)
Hibernate: 
    alter table if exists doctors 
       drop constraint if exists UKt1f6cueqyjwx5ghew9ar1exe3
Hibernate: 
    alter table if exists doctors 
       add constraint UKt1f6cueqyjwx5ghew9ar1exe3 unique (user_id)
Hibernate: 
    alter table if exists hospitals 
       drop constraint if exists UKmu4lhu5fqa3pbbjiegpfmfgq0
Hibernate: 
    alter table if exists hospitals 
       add constraint UKmu4lhu5fqa3pbbjiegpfmfgq0 unique (email)
Hibernate: 
    alter table if exists hospitals 
       drop constraint if exists UK1cm2jc0ygcwg1k67lk00t9yes
Hibernate: 
    alter table if exists hospitals 
       add constraint UK1cm2jc0ygcwg1k67lk00t9yes unique (license_number)
Hibernate: 
    alter table if exists patients 
       drop constraint if exists UK9tbsl3fmey0eofbm2xj69v4qs
Hibernate: 
    alter table if exists patients 
       add constraint UK9tbsl3fmey0eofbm2xj69v4qs unique (user_id)
Hibernate: 
    alter table if exists users 
       drop constraint if exists UK6dotkott2kjsp8vw4d0m25fb7
Hibernate: 
    alter table if exists users 
       add constraint UK6dotkott2kjsp8vw4d0m25fb7 unique (email)
Hibernate: 
    alter table if exists users 
       drop constraint if exists UKr43af9ap4edm43mmtq01oddj6
Hibernate: 
    alter table if exists users 
       add constraint UKr43af9ap4edm43mmtq01oddj6 unique (username)
Hibernate: 
    alter table if exists appointments 
       add constraint FKmujeo4tymoo98cmf7uj3vsv76 
       foreign key (doctor_id) 
       references doctors
Hibernate: 
    alter table if exists appointments 
       add constraint FK8exap5wmg8kmb1g1rx3by21yt 
       foreign key (patient_id) 
       references patients
Hibernate: 
    alter table if exists doctors 
       add constraint FKavgx42jjd4i4bo52ox3o6k460 
       foreign key (hospital_id) 
       references hospitals
Hibernate: 
    alter table if exists doctors 
       add constraint FKe9pf5qtxxkdyrwibaevo9frtk 
       foreign key (user_id) 
       references users
Hibernate: 
    alter table if exists medical_records 
       add constraint FKtny13k9v4o58styd47st3s2l5 
       foreign key (doctor_id) 
       references doctors
Hibernate: 
    alter table if exists medical_records 
       add constraint FKrav12h9aiw7pegjt62p8owwn3 
       foreign key (patient_id) 
       references patients
Hibernate: 
    alter table if exists notifications 
       add constraint FK9y21adhxn0ayjhfocscqox7bh 
       foreign key (user_id) 
       references users
Hibernate: 
    alter table if exists patients 
       add constraint FKuwca24wcd1tg6pjex8lmc0y7 
       foreign key (user_id) 
       references users
Hibernate: 
    alter table if exists prescriptions 
       add constraint FK24chc88e4so7cd6melh11rv6 
       foreign key (doctor_id) 
       references doctors
Hibernate: 
    alter table if exists prescriptions 
       add constraint FKr2a1t0or30flv784kpibseef1 
       foreign key (hospital_id) 
       references hospitals
Hibernate: 
    alter table if exists prescriptions 
       add constraint FKqydyol76jn1o37k1bdbkjgq74 
       foreign key (patient_id) 
       references patients
Hibernate: 
    alter table if exists users 
       add constraint FKpp87ghj920xhrlf63rdeaufe1 
       foreign key (hospital_id) 
       references hospitals
2026-06-17T20:13:42.765+05:30  INFO 16388 --- [           main] j.LocalContainerEntityManagerFactoryBean : Initialized JPA EntityManagerFactory for persistence unit 'default'
2026-06-17T20:13:43.263+05:30 DEBUG 16388 --- [           main] com.mediflow.config.AuthTokenFilter      : Filter 'authenticationJwtTokenFilter' configured for use
2026-06-17T20:13:43.405+05:30  INFO 16388 --- [           main] o.s.d.j.r.query.QueryEnhancerFactory     : Hibernate is in classpath; If applicable, HQL parser will be used.
2026-06-17T20:13:44.600+05:30  INFO 16388 --- [           main] eAuthenticationProviderManagerConfigurer : Global AuthenticationManager configured with AuthenticationProvider bean with name authenticationProvider
2026-06-17T20:13:44.604+05:30  WARN 16388 --- [           main] r$InitializeUserDetailsManagerConfigurer : Global AuthenticationManager configured with an AuthenticationProvider bean. UserDetailsService beans will not be used for username/password login. Consider removing the AuthenticationProvider bean. Alternatively, consider using the UserDetailsService in a manually instantiated DaoAuthenticationProvider.
2026-06-17T20:13:45.179+05:30 DEBUG 16388 --- [           main] s.w.s.m.m.a.RequestMappingHandlerMapping : 47 mappings in 'requestMappingHandlerMapping'
2026-06-17T20:13:45.320+05:30 DEBUG 16388 --- [           main] o.s.w.s.handler.SimpleUrlHandlerMapping  : Patterns [/webjars/**, /**] in 'resourceHandlerMapping'
2026-06-17T20:13:45.448+05:30  INFO 16388 --- [           main] o.s.s.web.DefaultSecurityFilterChain     : Will secure any request with [org.springframework.security.web.session.DisableEncodeUrlFilter@40429f12, org.springframework.security.web.context.request.async.WebAsyncManagerIntegrationFilter@70ebe93e, org.springframework.security.web.context.SecurityContextHolderFilter@22395d00, org.springframework.security.web.header.HeaderWriterFilter@7bf344dd, org.springframework.web.filter.CorsFilter@4fbac930, org.springframework.security.web.authentication.logout.LogoutFilter@4025832d, org.springframework.security.oauth2.client.web.OAuth2AuthorizationRequestRedirectFilter@2e554aeb, org.springframework.security.oauth2.client.web.OAuth2LoginAuthenticationFilter@59acd853, com.mediflow.config.AuthTokenFilter@7e577eed, com.mediflow.config.SecurityConfig$SecurityDebugFilter@4407cd63, org.springframework.security.web.savedrequest.RequestCacheAwareFilter@74eed145, org.springframework.security.web.servletapi.SecurityContextHolderAwareRequestFilter@ea3a636, org.springframework.security.web.authentication.AnonymousAuthenticationFilter@106960fe, org.springframework.security.web.session.SessionManagementFilter@c01b, org.springframework.security.web.access.ExceptionTranslationFilter@1d113d9d, org.springframework.security.web.access.intercept.AuthorizationFilter@bda763e]
2026-06-17T20:13:45.626+05:30 DEBUG 16388 --- [           main] s.w.s.m.m.a.RequestMappingHandlerAdapter : ControllerAdvice beans: 0 @ModelAttribute, 0 @InitBinder, 1 RequestBodyAdvice, 1 ResponseBodyAdvice
2026-06-17T20:13:45.677+05:30 DEBUG 16388 --- [           main] .m.m.a.ExceptionHandlerExceptionResolver : ControllerAdvice beans: 1 @ExceptionHandler, 1 ResponseBodyAdvice
2026-06-17T20:13:45.844+05:30  INFO 16388 --- [           main] o.s.b.w.embedded.tomcat.TomcatWebServer  : Tomcat started on port 8080 (http) with context path '/'
2026-06-17T20:13:45.855+05:30  INFO 16388 --- [           main] com.mediflow.MediFlowApplication         : Started MediFlowApplication in 9.264 seconds (process running for 9.757)
2026-06-17T20:13:45.862+05:30  INFO 16388 --- [           main] c.m.config.DatabaseMigrationService      : Initializing database migration for doctors table...
2026-06-17T20:13:45.868+05:30  INFO 16388 --- [           main] c.m.config.DatabaseMigrationService      : Checked/Added column 'status' to 'doctors' table.
2026-06-17T20:13:45.869+05:30  INFO 16388 --- [           main] c.m.config.DatabaseMigrationService      : Checked/Added column 'hospital_id' to 'doctors' table.
2026-06-17T20:13:45.869+05:30  INFO 16388 --- [           main] c.m.config.DatabaseMigrationService      : Checked/Added column 'phone' to 'doctors' table.
2026-06-17T20:13:45.870+05:30  INFO 16388 --- [           main] c.m.config.DatabaseMigrationService      : Checked/Added column 'qualification' to 'doctors' table.
2026-06-17T20:13:45.871+05:30  INFO 16388 --- [           main] c.m.config.DatabaseMigrationService      : Checked/Added column 'experience' to 'doctors' table.
2026-06-17T20:13:45.871+05:30  INFO 16388 --- [           main] c.m.config.DatabaseMigrationService      : Checked/Added column 'languages' to 'doctors' table.
2026-06-17T20:13:45.872+05:30  INFO 16388 --- [           main] c.m.config.DatabaseMigrationService      : Checked/Added column 'availability' to 'doctors' table.
2026-06-17T20:13:45.882+05:30  INFO 16388 --- [           main] c.m.config.DatabaseMigrationService      : Added foreign key constraint 'fk_doctor_hospital' successfully.
2026-06-17T20:13:45.887+05:30  INFO 16388 --- [           main] c.m.config.DatabaseMigrationService      : Database migration completed. Updated 0 legacy doctor records to 'APPROVED' status.
2026-06-17T20:13:45.893+05:30  INFO 16388 --- [           main] c.m.config.DatabaseMigrationService      : Checked/Added columns city, state, country to users table.
2026-06-17T20:13:45.894+05:30  INFO 16388 --- [           main] c.m.config.DatabaseMigrationService      : Checked/Added columns latitude, longitude to hospitals table.
2026-06-17T20:13:45.907+05:30  INFO 16388 --- [           main] c.m.config.DatabaseMigrationService      : Seeded coordinates for existing hospitals based on city names.
2026-06-17T20:35:13.453+05:30  INFO 16388 --- [nio-8080-exec-1] o.a.c.c.C.[Tomcat].[localhost].[/]       : Initializing Spring DispatcherServlet 'dispatcherServlet'
2026-06-17T20:35:13.455+05:30  INFO 16388 --- [nio-8080-exec-1] o.s.web.servlet.DispatcherServlet        : Initializing Servlet 'dispatcherServlet'
2026-06-17T20:35:13.456+05:30 DEBUG 16388 --- [nio-8080-exec-1] o.s.web.servlet.DispatcherServlet        : Detected StandardServletMultipartResolver
2026-06-17T20:35:13.456+05:30 DEBUG 16388 --- [nio-8080-exec-1] o.s.web.servlet.DispatcherServlet        : Detected AcceptHeaderLocaleResolver
2026-06-17T20:35:13.457+05:30 DEBUG 16388 --- [nio-8080-exec-1] o.s.web.servlet.DispatcherServlet        : Detected FixedThemeResolver
2026-06-17T20:35:13.459+05:30 DEBUG 16388 --- [nio-8080-exec-1] o.s.web.servlet.DispatcherServlet        : Detected org.springframework.web.servlet.view.DefaultRequestToViewNameTranslator@c546f73
2026-06-17T20:35:13.459+05:30 DEBUG 16388 --- [nio-8080-exec-1] o.s.web.servlet.DispatcherServlet        : Detected org.springframework.web.servlet.support.SessionFlashMapManager@7b9b32f3
2026-06-17T20:35:13.461+05:30 DEBUG 16388 --- [nio-8080-exec-1] o.s.web.servlet.DispatcherServlet        : enableLoggingRequestDetails='false': request parameters and headers will be masked to prevent unsafe logging of potentially sensitive data
2026-06-17T20:35:13.461+05:30  INFO 16388 --- [nio-8080-exec-1] o.s.web.servlet.DispatcherServlet        : Completed initialization in 6 ms
2026-06-17T20:35:13.485+05:30 DEBUG 16388 --- [nio-8080-exec-1] o.s.security.web.FilterChainProxy        : Securing GET /api
2026-06-17T20:35:13.494+05:30  INFO 16388 --- [nio-8080-exec-1] com.mediflow.config.AuthTokenFilter      : [AuthTokenFilter] Request URI: GET /api, JWT Present: false
2026-06-17T20:35:13.495+05:30  INFO 16388 --- [nio-8080-exec-1] com.mediflow.config.AuthTokenFilter      : [AuthTokenFilter] No JWT token found, continuing request as anonymous
2026-06-17T20:35:13.495+05:30  INFO 16388 --- [nio-8080-exec-1] c.m.c.SecurityConfig$SecurityDebugFilter : [SecurityConfig Debug] Matched Endpoint: GET /api, Authentication State: Anonymous
2026-06-17T20:35:13.498+05:30 DEBUG 16388 --- [nio-8080-exec-1] o.s.s.w.a.AnonymousAuthenticationFilter  : Set SecurityContextHolder to anonymous SecurityContext
2026-06-17T20:35:13.501+05:30 ERROR 16388 --- [nio-8080-exec-1] com.mediflow.config.AuthEntryPointJwt    : Unauthorized error: Full authentication is required to access this resource
2026-06-17T21:11:53.647+05:30 DEBUG 16388 --- [nio-8080-exec-3] o.s.security.web.FilterChainProxy        : Securing POST /api/auth/login
2026-06-17T21:11:53.659+05:30  INFO 16388 --- [nio-8080-exec-3] com.mediflow.config.AuthTokenFilter      : [AuthTokenFilter] Request URI: POST /api/auth/login, JWT Present: false
2026-06-17T21:11:53.662+05:30  INFO 16388 --- [nio-8080-exec-3] com.mediflow.config.AuthTokenFilter      : [AuthTokenFilter] No JWT token found, continuing request as anonymous
2026-06-17T21:11:53.667+05:30  INFO 16388 --- [nio-8080-exec-3] c.m.c.SecurityConfig$SecurityDebugFilter : [SecurityConfig Debug] Matched Endpoint: POST /api/auth/login, Authentication State: Anonymous
2026-06-17T21:11:53.670+05:30 DEBUG 16388 --- [nio-8080-exec-3] o.s.s.w.a.AnonymousAuthenticationFilter  : Set SecurityContextHolder to anonymous SecurityContext
2026-06-17T21:11:53.672+05:30 DEBUG 16388 --- [nio-8080-exec-3] o.s.security.web.FilterChainProxy        : Secured POST /api/auth/login
2026-06-17T21:11:53.680+05:30 DEBUG 16388 --- [nio-8080-exec-3] o.s.web.servlet.DispatcherServlet        : POST "/api/auth/login", parameters={}
2026-06-17T21:11:53.684+05:30 DEBUG 16388 --- [nio-8080-exec-3] s.w.s.m.m.a.RequestMappingHandlerMapping : Mapped to com.mediflow.controller.AuthController#login(LoginRequest, HttpServletRequest)
2026-06-17T21:11:53.868+05:30 DEBUG 16388 --- [nio-8080-exec-3] m.m.a.RequestResponseBodyMethodProcessor : Read "application/json;charset=UTF-8" to [com.mediflow.dto.LoginRequest@56cbe26e]
2026-06-17T21:11:53.984+05:30  INFO 16388 --- [nio-8080-exec-3] com.mediflow.service.UserService         : Attempting login/authentication for username: wrong
Hibernate: 
    select
        u1_0.id,
        u1_0.avatar_id,
        u1_0.city,
        u1_0.country,
        u1_0.created_at,
        u1_0.email,
        u1_0.first_name,
        u1_0.hospital_id,
        u1_0.last_name,
        u1_0.password,
        u1_0.provider,
        u1_0.role,
        u1_0.state,
        u1_0.updated_at,
        u1_0.username 
    from
        users u1_0 
    where
        u1_0.username=?
2026-06-17T21:11:54.625+05:30 DEBUG 16388 --- [nio-8080-exec-3] o.s.s.a.dao.DaoAuthenticationProvider    : Failed to find user 'wrong'
2026-06-17T21:11:54.629+05:30 ERROR 16388 --- [nio-8080-exec-3] com.mediflow.service.UserService         : Authentication exception for user wrong: Bad credentials
2026-06-17T21:11:54.650+05:30 DEBUG 16388 --- [nio-8080-exec-3] .m.m.a.ExceptionHandlerExceptionResolver : Using @ExceptionHandler com.mediflow.exception.GlobalExceptionHandler#handleGlobalException(Exception, WebRequest)
2026-06-17T21:11:54.672+05:30 DEBUG 16388 --- [nio-8080-exec-3] o.s.w.s.m.m.a.HttpEntityMethodProcessor  : Using 'application/json', given [*/*] and supported [application/json, application/*+json]
2026-06-17T21:11:54.679+05:30 DEBUG 16388 --- [nio-8080-exec-3] o.s.w.s.m.m.a.HttpEntityMethodProcessor  : Writing [{details=uri=/api/auth/login, message=Bad credentials, timestamp=2026-06-17T21:11:54.654452400, stat (truncated)...]
2026-06-17T21:11:54.694+05:30 DEBUG 16388 --- [nio-8080-exec-3] .m.m.a.ExceptionHandlerExceptionResolver : Resolved [org.springframework.security.authentication.BadCredentialsException: Bad credentials]
2026-06-17T21:11:54.695+05:30 DEBUG 16388 --- [nio-8080-exec-3] o.s.web.servlet.DispatcherServlet        : Completed 500 INTERNAL_SERVER_ERROR
2026-06-17T21:12:02.870+05:30 DEBUG 16388 --- [nio-8080-exec-4] o.s.security.web.FilterChainProxy        : Securing POST /api/auth/login
2026-06-17T21:12:02.873+05:30  INFO 16388 --- [nio-8080-exec-4] com.mediflow.config.AuthTokenFilter      : [AuthTokenFilter] Request URI: POST /api/auth/login, JWT Present: false
2026-06-17T21:12:02.874+05:30  INFO 16388 --- [nio-8080-exec-4] com.mediflow.config.AuthTokenFilter      : [AuthTokenFilter] No JWT token found, continuing request as anonymous
2026-06-17T21:12:02.876+05:30  INFO 16388 --- [nio-8080-exec-4] c.m.c.SecurityConfig$SecurityDebugFilter : [SecurityConfig Debug] Matched Endpoint: POST /api/auth/login, Authentication State: Anonymous
2026-06-17T21:12:02.878+05:30 DEBUG 16388 --- [nio-8080-exec-4] o.s.s.w.a.AnonymousAuthenticationFilter  : Set SecurityContextHolder to anonymous SecurityContext
2026-06-17T21:12:02.880+05:30 DEBUG 16388 --- [nio-8080-exec-4] o.s.security.web.FilterChainProxy        : Secured POST /api/auth/login
2026-06-17T21:12:02.882+05:30 DEBUG 16388 --- [nio-8080-exec-4] o.s.web.servlet.DispatcherServlet        : POST "/api/auth/login", parameters={}
2026-06-17T21:12:02.884+05:30 DEBUG 16388 --- [nio-8080-exec-4] s.w.s.m.m.a.RequestMappingHandlerMapping : Mapped to com.mediflow.controller.AuthController#login(LoginRequest, HttpServletRequest)
2026-06-17T21:12:02.886+05:30 DEBUG 16388 --- [nio-8080-exec-4] m.m.a.RequestResponseBodyMethodProcessor : Read "application/json;charset=UTF-8" to [com.mediflow.dto.LoginRequest@412ecff8]
2026-06-17T21:12:02.889+05:30  INFO 16388 --- [nio-8080-exec-4] com.mediflow.service.UserService         : Attempting login/authentication for username: wrong
Hibernate: 
    select
        u1_0.id,
        u1_0.avatar_id,
        u1_0.city,
        u1_0.country,
        u1_0.created_at,
        u1_0.email,
        u1_0.first_name,
        u1_0.hospital_id,
        u1_0.last_name,
        u1_0.password,
        u1_0.provider,
        u1_0.role,
        u1_0.state,
        u1_0.updated_at,
        u1_0.username 
    from
        users u1_0 
    where
        u1_0.username=?
2026-06-17T21:12:03.069+05:30 DEBUG 16388 --- [nio-8080-exec-4] o.s.s.a.dao.DaoAuthenticationProvider    : Failed to find user 'wrong'
2026-06-17T21:12:03.072+05:30 ERROR 16388 --- [nio-8080-exec-4] com.mediflow.service.UserService         : Authentication exception for user wrong: Bad credentials
2026-06-17T21:12:03.074+05:30 DEBUG 16388 --- [nio-8080-exec-4] .m.m.a.ExceptionHandlerExceptionResolver : Using @ExceptionHandler com.mediflow.exception.GlobalExceptionHandler#handleGlobalException(Exception, WebRequest)
2026-06-17T21:12:03.075+05:30 DEBUG 16388 --- [nio-8080-exec-4] o.s.w.s.m.m.a.HttpEntityMethodProcessor  : Using 'application/json', given [*/*] and supported [application/json, application/*+json]
2026-06-17T21:12:03.077+05:30 DEBUG 16388 --- [nio-8080-exec-4] o.s.w.s.m.m.a.HttpEntityMethodProcessor  : Writing [{details=uri=/api/auth/login, message=Bad credentials, timestamp=2026-06-17T21:12:03.075947, status= (truncated)...]
2026-06-17T21:12:03.079+05:30 DEBUG 16388 --- [nio-8080-exec-4] .m.m.a.ExceptionHandlerExceptionResolver : Resolved [org.springframework.security.authentication.BadCredentialsException: Bad credentials]
2026-06-17T21:12:03.081+05:30 DEBUG 16388 --- [nio-8080-exec-4] o.s.web.servlet.DispatcherServlet        : Completed 500 INTERNAL_SERVER_ERROR
2026-06-17T21:14:03.337+05:30 DEBUG 16388 --- [nio-8080-exec-5] o.s.security.web.FilterChainProxy        : Securing POST /api/auth/register
2026-06-17T21:14:03.338+05:30  INFO 16388 --- [nio-8080-exec-5] com.mediflow.config.AuthTokenFilter      : [AuthTokenFilter] Request URI: POST /api/auth/register, JWT Present: false
2026-06-17T21:14:03.341+05:30  INFO 16388 --- [nio-8080-exec-5] com.mediflow.config.AuthTokenFilter      : [AuthTokenFilter] No JWT token found, continuing request as anonymous
2026-06-17T21:14:03.342+05:30  INFO 16388 --- [nio-8080-exec-5] c.m.c.SecurityConfig$SecurityDebugFilter : [SecurityConfig Debug] Matched Endpoint: POST /api/auth/register, Authentication State: Anonymous
2026-06-17T21:14:03.344+05:30 DEBUG 16388 --- [nio-8080-exec-5] o.s.s.w.a.AnonymousAuthenticationFilter  : Set SecurityContextHolder to anonymous SecurityContext
2026-06-17T21:14:03.346+05:30 DEBUG 16388 --- [nio-8080-exec-5] o.s.security.web.FilterChainProxy        : Secured POST /api/auth/register
2026-06-17T21:14:03.347+05:30 DEBUG 16388 --- [nio-8080-exec-5] o.s.web.servlet.DispatcherServlet        : POST "/api/auth/register", parameters={}
2026-06-17T21:14:03.349+05:30 DEBUG 16388 --- [nio-8080-exec-5] s.w.s.m.m.a.RequestMappingHandlerMapping : Mapped to com.mediflow.controller.AuthController#register(RegisterRequest)
2026-06-17T21:14:03.399+05:30 DEBUG 16388 --- [nio-8080-exec-5] m.m.a.RequestResponseBodyMethodProcessor : Read "application/json;charset=UTF-8" to [com.mediflow.dto.RegisterRequest@7c41d1e9]
2026-06-17T21:14:03.511+05:30  INFO 16388 --- [nio-8080-exec-5] com.mediflow.service.UserService         : Attempting registration for username: testpatient_1781711043214, email: testpatient_1781711043214@test.com, role: PATIENT
Hibernate: 
    select
        u1_0.id 
    from
        users u1_0 
    where
        u1_0.username=? 
    fetch
        first ? rows only
Hibernate: 
    select
        u1_0.id 
    from
        users u1_0 
    where
        u1_0.email=? 
    fetch
        first ? rows only
Hibernate: 
    insert 
    into
        users
        (avatar_id, city, country, created_at, email, first_name, hospital_id, last_name, password, provider, role, state, updated_at, username) 
    values
        (?, ?, ?, ?, ?, ?, ?, ?, ?, ?, ?, ?, ?, ?) 
    returning id
2026-06-17T21:14:03.838+05:30  WARN 16388 --- [nio-8080-exec-5] o.h.engine.jdbc.spi.SqlExceptionHelper   : SQL Error: 42000, SQLState: 42000
2026-06-17T21:14:03.840+05:30 ERROR 16388 --- [nio-8080-exec-5] o.h.engine.jdbc.spi.SqlExceptionHelper   : Syntax error in SQL statement "insert into users (avatar_id,city,country,created_at,email,first_name,hospital_id,last_name,password,provider,role,state,updated_at,username) values (?,?,?,?,?,?,?,?,?,?,?,?,?,?) [*]returning id"; SQL statement:
insert into users (avatar_id,city,country,created_at,email,first_name,hospital_id,last_name,password,provider,role,state,updated_at,username) values (?,?,?,?,?,?,?,?,?,?,?,?,?,?) returning id [42000-224]
2026-06-17T21:14:03.860+05:30 DEBUG 16388 --- [nio-8080-exec-5] .m.m.a.ExceptionHandlerExceptionResolver : Using @ExceptionHandler com.mediflow.exception.GlobalExceptionHandler#handleGlobalException(Exception, WebRequest)
2026-06-17T21:14:03.861+05:30 DEBUG 16388 --- [nio-8080-exec-5] o.s.w.s.m.m.a.HttpEntityMethodProcessor  : Using 'application/json', given [*/*] and supported [application/json, application/*+json]
2026-06-17T21:14:03.862+05:30 DEBUG 16388 --- [nio-8080-exec-5] o.s.w.s.m.m.a.HttpEntityMethodProcessor  : Writing [{details=uri=/api/auth/register, message=could not prepare statement [Syntax error in SQL statement  (truncated)...]
2026-06-17T21:14:03.864+05:30 DEBUG 16388 --- [nio-8080-exec-5] .m.m.a.ExceptionHandlerExceptionResolver : Resolved [org.springframework.dao.InvalidDataAccessResourceUsageException: could not prepare statement [Syntax error in SQL statement "insert into users (avatar_id,city,country,created_at,email,first_name,hospital_id,last_name,password,provider,role,state,updated_at,username) values (?,?,?,?,?,?,?,?,?,?,?,?,?,?) [*]returning id"; SQL statement:<EOL>insert into users (avatar_id,city,country,created_at,email,first_name,hospital_id,last_name,password,provider,role,state,updated_at,username) values (?,?,?,?,?,?,?,?,?,?,?,?,?,?) returning id [42000-224]] [insert into users (avatar_id,city,country,created_at,email,first_name,hospital_id,last_name,password,provider,role,state,updated_at,username) values (?,?,?,?,?,?,?,?,?,?,?,?,?,?) returning id]; SQL [insert into users (avatar_id,city,country,created_at,email,first_name,hospital_id,last_name,password,provider,role,state,updated_at,username) values (?,?,?,?,?,?,?,?,?,?,?,?,?,?) returning id]]
2026-06-17T21:14:03.864+05:30 DEBUG 16388 --- [nio-8080-exec-5] o.s.web.servlet.DispatcherServlet        : Completed 500 INTERNAL_SERVER_ERROR
2026-06-17T21:14:03.879+05:30 DEBUG 16388 --- [nio-8080-exec-6] o.s.security.web.FilterChainProxy        : Securing POST /api/auth/login
2026-06-17T21:14:03.880+05:30  INFO 16388 --- [nio-8080-exec-6] com.mediflow.config.AuthTokenFilter      : [AuthTokenFilter] Request URI: POST /api/auth/login, JWT Present: false
2026-06-17T21:14:03.880+05:30  INFO 16388 --- [nio-8080-exec-6] com.mediflow.config.AuthTokenFilter      : [AuthTokenFilter] No JWT token found, continuing request as anonymous
2026-06-17T21:14:03.880+05:30  INFO 16388 --- [nio-8080-exec-6] c.m.c.SecurityConfig$SecurityDebugFilter : [SecurityConfig Debug] Matched Endpoint: POST /api/auth/login, Authentication State: Anonymous
2026-06-17T21:14:03.881+05:30 DEBUG 16388 --- [nio-8080-exec-6] o.s.s.w.a.AnonymousAuthenticationFilter  : Set SecurityContextHolder to anonymous SecurityContext
2026-06-17T21:14:03.881+05:30 DEBUG 16388 --- [nio-8080-exec-6] o.s.security.web.FilterChainProxy        : Secured POST /api/auth/login
2026-06-17T21:14:03.883+05:30 DEBUG 16388 --- [nio-8080-exec-6] o.s.web.servlet.DispatcherServlet        : POST "/api/auth/login", parameters={}
2026-06-17T21:14:03.883+05:30 DEBUG 16388 --- [nio-8080-exec-6] s.w.s.m.m.a.RequestMappingHandlerMapping : Mapped to com.mediflow.controller.AuthController#login(LoginRequest, HttpServletRequest)
2026-06-17T21:14:03.884+05:30 DEBUG 16388 --- [nio-8080-exec-6] m.m.a.RequestResponseBodyMethodProcessor : Read "application/json;charset=UTF-8" to [com.mediflow.dto.LoginRequest@3ca3b341]
2026-06-17T21:14:03.885+05:30  INFO 16388 --- [nio-8080-exec-6] com.mediflow.service.UserService         : Attempting login/authentication for username: testpatient_1781711043214
Hibernate: 
    select
        u1_0.id,
        u1_0.avatar_id,
        u1_0.city,
        u1_0.country,
        u1_0.created_at,
        u1_0.email,
        u1_0.first_name,
        u1_0.hospital_id,
        u1_0.last_name,
        u1_0.password,
        u1_0.provider,
        u1_0.role,
        u1_0.state,
        u1_0.updated_at,
        u1_0.username 
    from
        users u1_0 
    where
        u1_0.username=?
2026-06-17T21:14:04.078+05:30 DEBUG 16388 --- [nio-8080-exec-6] o.s.s.a.dao.DaoAuthenticationProvider    : Failed to find user 'testpatient_1781711043214'
2026-06-17T21:14:04.080+05:30 ERROR 16388 --- [nio-8080-exec-6] com.mediflow.service.UserService         : Authentication exception for user testpatient_1781711043214: Bad credentials
2026-06-17T21:14:04.082+05:30 DEBUG 16388 --- [nio-8080-exec-6] .m.m.a.ExceptionHandlerExceptionResolver : Using @ExceptionHandler com.mediflow.exception.GlobalExceptionHandler#handleGlobalException(Exception, WebRequest)
2026-06-17T21:14:04.083+05:30 DEBUG 16388 --- [nio-8080-exec-6] o.s.w.s.m.m.a.HttpEntityMethodProcessor  : Using 'application/json', given [*/*] and supported [application/json, application/*+json]
2026-06-17T21:14:04.083+05:30 DEBUG 16388 --- [nio-8080-exec-6] o.s.w.s.m.m.a.HttpEntityMethodProcessor  : Writing [{details=uri=/api/auth/login, message=Bad credentials, timestamp=2026-06-17T21:14:04.082815600, stat (truncated)...]
2026-06-17T21:14:04.084+05:30 DEBUG 16388 --- [nio-8080-exec-6] .m.m.a.ExceptionHandlerExceptionResolver : Resolved [org.springframework.security.authentication.BadCredentialsException: Bad credentials]
2026-06-17T21:14:04.085+05:30 DEBUG 16388 --- [nio-8080-exec-6] o.s.web.servlet.DispatcherServlet        : Completed 500 INTERNAL_SERVER_ERROR
2026-06-17T21:14:05.105+05:30 DEBUG 16388 --- [nio-8080-exec-7] o.s.security.web.FilterChainProxy        : Securing POST /api/auth/register
2026-06-17T21:14:05.108+05:30  INFO 16388 --- [nio-8080-exec-7] com.mediflow.config.AuthTokenFilter      : [AuthTokenFilter] Request URI: POST /api/auth/register, JWT Present: false
2026-06-17T21:14:05.109+05:30  INFO 16388 --- [nio-8080-exec-7] com.mediflow.config.AuthTokenFilter      : [AuthTokenFilter] No JWT token found, continuing request as anonymous
2026-06-17T21:14:05.110+05:30  INFO 16388 --- [nio-8080-exec-7] c.m.c.SecurityConfig$SecurityDebugFilter : [SecurityConfig Debug] Matched Endpoint: POST /api/auth/register, Authentication State: Anonymous
2026-06-17T21:14:05.110+05:30 DEBUG 16388 --- [nio-8080-exec-7] o.s.s.w.a.AnonymousAuthenticationFilter  : Set SecurityContextHolder to anonymous SecurityContext
2026-06-17T21:14:05.111+05:30 DEBUG 16388 --- [nio-8080-exec-7] o.s.security.web.FilterChainProxy        : Secured POST /api/auth/register
2026-06-17T21:14:05.112+05:30 DEBUG 16388 --- [nio-8080-exec-7] o.s.web.servlet.DispatcherServlet        : POST "/api/auth/register", parameters={}
2026-06-17T21:14:05.113+05:30 DEBUG 16388 --- [nio-8080-exec-7] s.w.s.m.m.a.RequestMappingHandlerMapping : Mapped to com.mediflow.controller.AuthController#register(RegisterRequest)
2026-06-17T21:14:05.115+05:30 DEBUG 16388 --- [nio-8080-exec-7] m.m.a.RequestResponseBodyMethodProcessor : Read "application/json;charset=UTF-8" to [com.mediflow.dto.RegisterRequest@5d1f198f]
2026-06-17T21:14:05.117+05:30  INFO 16388 --- [nio-8080-exec-7] com.mediflow.service.UserService         : Attempting registration for username: testpatient_1781711044962, email: testpatient_1781711044962@test.com, role: PATIENT
Hibernate: 
    select
        u1_0.id 
    from
        users u1_0 
    where
        u1_0.username=? 
    fetch
        first ? rows only
Hibernate: 
    select
        u1_0.id 
    from
        users u1_0 
    where
        u1_0.email=? 
    fetch
        first ? rows only
Hibernate: 
    insert 
    into
        users
        (avatar_id, city, country, created_at, email, first_name, hospital_id, last_name, password, provider, role, state, updated_at, username) 
    values
        (?, ?, ?, ?, ?, ?, ?, ?, ?, ?, ?, ?, ?, ?) 
    returning id
2026-06-17T21:14:05.288+05:30  WARN 16388 --- [nio-8080-exec-7] o.h.engine.jdbc.spi.SqlExceptionHelper   : SQL Error: 42000, SQLState: 42000
2026-06-17T21:14:05.289+05:30 ERROR 16388 --- [nio-8080-exec-7] o.h.engine.jdbc.spi.SqlExceptionHelper   : Syntax error in SQL statement "insert into users (avatar_id,city,country,created_at,email,first_name,hospital_id,last_name,password,provider,role,state,updated_at,username) values (?,?,?,?,?,?,?,?,?,?,?,?,?,?) [*]returning id"; SQL statement:
insert into users (avatar_id,city,country,created_at,email,first_name,hospital_id,last_name,password,provider,role,state,updated_at,username) values (?,?,?,?,?,?,?,?,?,?,?,?,?,?) returning id [42000-224]
2026-06-17T21:14:05.292+05:30 DEBUG 16388 --- [nio-8080-exec-7] .m.m.a.ExceptionHandlerExceptionResolver : Using @ExceptionHandler com.mediflow.exception.GlobalExceptionHandler#handleGlobalException(Exception, WebRequest)
2026-06-17T21:14:05.294+05:30 DEBUG 16388 --- [nio-8080-exec-7] o.s.w.s.m.m.a.HttpEntityMethodProcessor  : Using 'application/json', given [*/*] and supported [application/json, application/*+json]
2026-06-17T21:14:05.296+05:30 DEBUG 16388 --- [nio-8080-exec-7] o.s.w.s.m.m.a.HttpEntityMethodProcessor  : Writing [{details=uri=/api/auth/register, message=could not prepare statement [Syntax error in SQL statement  (truncated)...]
2026-06-17T21:14:05.299+05:30 DEBUG 16388 --- [nio-8080-exec-7] .m.m.a.ExceptionHandlerExceptionResolver : Resolved [org.springframework.dao.InvalidDataAccessResourceUsageException: could not prepare statement [Syntax error in SQL statement "insert into users (avatar_id,city,country,created_at,email,first_name,hospital_id,last_name,password,provider,role,state,updated_at,username) values (?,?,?,?,?,?,?,?,?,?,?,?,?,?) [*]returning id"; SQL statement:<EOL>insert into users (avatar_id,city,country,created_at,email,first_name,hospital_id,last_name,password,provider,role,state,updated_at,username) values (?,?,?,?,?,?,?,?,?,?,?,?,?,?) returning id [42000-224]] [insert into users (avatar_id,city,country,created_at,email,first_name,hospital_id,last_name,password,provider,role,state,updated_at,username) values (?,?,?,?,?,?,?,?,?,?,?,?,?,?) returning id]; SQL [insert into users (avatar_id,city,country,created_at,email,first_name,hospital_id,last_name,password,provider,role,state,updated_at,username) values (?,?,?,?,?,?,?,?,?,?,?,?,?,?) returning id]]
2026-06-17T21:14:05.301+05:30 DEBUG 16388 --- [nio-8080-exec-7] o.s.web.servlet.DispatcherServlet        : Completed 500 INTERNAL_SERVER_ERROR
2026-06-17T21:14:05.317+05:30 DEBUG 16388 --- [nio-8080-exec-8] o.s.security.web.FilterChainProxy        : Securing POST /api/auth/login
2026-06-17T21:14:05.320+05:30  INFO 16388 --- [nio-8080-exec-8] com.mediflow.config.AuthTokenFilter      : [AuthTokenFilter] Request URI: POST /api/auth/login, JWT Present: false
2026-06-17T21:14:05.320+05:30  INFO 16388 --- [nio-8080-exec-8] com.mediflow.config.AuthTokenFilter      : [AuthTokenFilter] No JWT token found, continuing request as anonymous
2026-06-17T21:14:05.323+05:30  INFO 16388 --- [nio-8080-exec-8] c.m.c.SecurityConfig$SecurityDebugFilter : [SecurityConfig Debug] Matched Endpoint: POST /api/auth/login, Authentication State: Anonymous
2026-06-17T21:14:05.325+05:30 DEBUG 16388 --- [nio-8080-exec-8] o.s.s.w.a.AnonymousAuthenticationFilter  : Set SecurityContextHolder to anonymous SecurityContext
2026-06-17T21:14:05.327+05:30 DEBUG 16388 --- [nio-8080-exec-8] o.s.security.web.FilterChainProxy        : Secured POST /api/auth/login
2026-06-17T21:14:05.328+05:30 DEBUG 16388 --- [nio-8080-exec-8] o.s.web.servlet.DispatcherServlet        : POST "/api/auth/login", parameters={}
2026-06-17T21:14:05.330+05:30 DEBUG 16388 --- [nio-8080-exec-8] s.w.s.m.m.a.RequestMappingHandlerMapping : Mapped to com.mediflow.controller.AuthController#login(LoginRequest, HttpServletRequest)
2026-06-17T21:14:05.332+05:30 DEBUG 16388 --- [nio-8080-exec-8] m.m.a.RequestResponseBodyMethodProcessor : Read "application/json;charset=UTF-8" to [com.mediflow.dto.LoginRequest@41d2bce3]
2026-06-17T21:14:05.335+05:30  INFO 16388 --- [nio-8080-exec-8] com.mediflow.service.UserService         : Attempting login/authentication for username: testpatient_1781711044962
Hibernate: 
    select
        u1_0.id,
        u1_0.avatar_id,
        u1_0.city,
        u1_0.country,
        u1_0.created_at,
        u1_0.email,
        u1_0.first_name,
        u1_0.hospital_id,
        u1_0.last_name,
        u1_0.password,
        u1_0.provider,
        u1_0.role,
        u1_0.state,
        u1_0.updated_at,
        u1_0.username 
    from
        users u1_0 
    where
        u1_0.username=?
2026-06-17T21:14:05.522+05:30 DEBUG 16388 --- [nio-8080-exec-8] o.s.s.a.dao.DaoAuthenticationProvider    : Failed to find user 'testpatient_1781711044962'
2026-06-17T21:14:05.526+05:30 ERROR 16388 --- [nio-8080-exec-8] com.mediflow.service.UserService         : Authentication exception for user testpatient_1781711044962: Bad credentials
2026-06-17T21:14:05.528+05:30 DEBUG 16388 --- [nio-8080-exec-8] .m.m.a.ExceptionHandlerExceptionResolver : Using @ExceptionHandler com.mediflow.exception.GlobalExceptionHandler#handleGlobalException(Exception, WebRequest)
2026-06-17T21:14:05.531+05:30 DEBUG 16388 --- [nio-8080-exec-8] o.s.w.s.m.m.a.HttpEntityMethodProcessor  : Using 'application/json', given [*/*] and supported [application/json, application/*+json]
2026-06-17T21:14:05.533+05:30 DEBUG 16388 --- [nio-8080-exec-8] o.s.w.s.m.m.a.HttpEntityMethodProcessor  : Writing [{details=uri=/api/auth/login, message=Bad credentials, timestamp=2026-06-17T21:14:05.530567100, stat (truncated)...]
2026-06-17T21:14:05.536+05:30 DEBUG 16388 --- [nio-8080-exec-8] .m.m.a.ExceptionHandlerExceptionResolver : Resolved [org.springframework.security.authentication.BadCredentialsException: Bad credentials]
2026-06-17T21:14:05.538+05:30 DEBUG 16388 --- [nio-8080-exec-8] o.s.web.servlet.DispatcherServlet        : Completed 500 INTERNAL_SERVER_ERROR
2026-06-17T21:14:14.828+05:30 DEBUG 16388 --- [nio-8080-exec-9] o.s.security.web.FilterChainProxy        : Securing POST /api/auth/register
2026-06-17T21:14:14.834+05:30  INFO 16388 --- [nio-8080-exec-9] com.mediflow.config.AuthTokenFilter      : [AuthTokenFilter] Request URI: POST /api/auth/register, JWT Present: false
2026-06-17T21:14:14.836+05:30  INFO 16388 --- [nio-8080-exec-9] com.mediflow.config.AuthTokenFilter      : [AuthTokenFilter] No JWT token found, continuing request as anonymous
2026-06-17T21:14:14.837+05:30  INFO 16388 --- [nio-8080-exec-9] c.m.c.SecurityConfig$SecurityDebugFilter : [SecurityConfig Debug] Matched Endpoint: POST /api/auth/register, Authentication State: Anonymous
2026-06-17T21:14:14.839+05:30 DEBUG 16388 --- [nio-8080-exec-9] o.s.s.w.a.AnonymousAuthenticationFilter  : Set SecurityContextHolder to anonymous SecurityContext
2026-06-17T21:14:14.845+05:30 DEBUG 16388 --- [nio-8080-exec-9] o.s.security.web.FilterChainProxy        : Secured POST /api/auth/register
2026-06-17T21:14:14.847+05:30 DEBUG 16388 --- [nio-8080-exec-9] o.s.web.servlet.DispatcherServlet        : POST "/api/auth/register", parameters={}
2026-06-17T21:14:14.849+05:30 DEBUG 16388 --- [nio-8080-exec-9] s.w.s.m.m.a.RequestMappingHandlerMapping : Mapped to com.mediflow.controller.AuthController#register(RegisterRequest)
2026-06-17T21:14:14.852+05:30 DEBUG 16388 --- [nio-8080-exec-9] m.m.a.RequestResponseBodyMethodProcessor : Read "application/json;charset=UTF-8" to [com.mediflow.dto.RegisterRequest@62682d26]
2026-06-17T21:14:14.855+05:30  INFO 16388 --- [nio-8080-exec-9] com.mediflow.service.UserService         : Attempting registration for username: newtestpat_80368, email: newtestpat_81847@test.com, role: PATIENT
Hibernate: 
    select
        u1_0.id 
    from
        users u1_0 
    where
        u1_0.username=? 
    fetch
        first ? rows only
Hibernate: 
    select
        u1_0.id 
    from
        users u1_0 
    where
        u1_0.email=? 
    fetch
        first ? rows only
Hibernate: 
    insert 
    into
        users
        (avatar_id, city, country, created_at, email, first_name, hospital_id, last_name, password, provider, role, state, updated_at, username) 
    values
        (?, ?, ?, ?, ?, ?, ?, ?, ?, ?, ?, ?, ?, ?) 
    returning id
2026-06-17T21:14:15.056+05:30  WARN 16388 --- [nio-8080-exec-9] o.h.engine.jdbc.spi.SqlExceptionHelper   : SQL Error: 42000, SQLState: 42000
2026-06-17T21:14:15.058+05:30 ERROR 16388 --- [nio-8080-exec-9] o.h.engine.jdbc.spi.SqlExceptionHelper   : Syntax error in SQL statement "insert into users (avatar_id,city,country,created_at,email,first_name,hospital_id,last_name,password,provider,role,state,updated_at,username) values (?,?,?,?,?,?,?,?,?,?,?,?,?,?) [*]returning id"; SQL statement:
insert into users (avatar_id,city,country,created_at,email,first_name,hospital_id,last_name,password,provider,role,state,updated_at,username) values (?,?,?,?,?,?,?,?,?,?,?,?,?,?) returning id [42000-224]
2026-06-17T21:14:15.059+05:30 DEBUG 16388 --- [nio-8080-exec-9] .m.m.a.ExceptionHandlerExceptionResolver : Using @ExceptionHandler com.mediflow.exception.GlobalExceptionHandler#handleGlobalException(Exception, WebRequest)
2026-06-17T21:14:15.062+05:30 DEBUG 16388 --- [nio-8080-exec-9] o.s.w.s.m.m.a.HttpEntityMethodProcessor  : Using 'application/json', given [*/*] and supported [application/json, application/*+json]
2026-06-17T21:14:15.063+05:30 DEBUG 16388 --- [nio-8080-exec-9] o.s.w.s.m.m.a.HttpEntityMethodProcessor  : Writing [{details=uri=/api/auth/register, message=could not prepare statement [Syntax error in SQL statement  (truncated)...]
2026-06-17T21:14:15.067+05:30 DEBUG 16388 --- [nio-8080-exec-9] .m.m.a.ExceptionHandlerExceptionResolver : Resolved [org.springframework.dao.InvalidDataAccessResourceUsageException: could not prepare statement [Syntax error in SQL statement "insert into users (avatar_id,city,country,created_at,email,first_name,hospital_id,last_name,password,provider,role,state,updated_at,username) values (?,?,?,?,?,?,?,?,?,?,?,?,?,?) [*]returning id"; SQL statement:<EOL>insert into users (avatar_id,city,country,created_at,email,first_name,hospital_id,last_name,password,provider,role,state,updated_at,username) values (?,?,?,?,?,?,?,?,?,?,?,?,?,?) returning id [42000-224]] [insert into users (avatar_id,city,country,created_at,email,first_name,hospital_id,last_name,password,provider,role,state,updated_at,username) values (?,?,?,?,?,?,?,?,?,?,?,?,?,?) returning id]; SQL [insert into users (avatar_id,city,country,created_at,email,first_name,hospital_id,last_name,password,provider,role,state,updated_at,username) values (?,?,?,?,?,?,?,?,?,?,?,?,?,?) returning id]]
2026-06-17T21:14:15.069+05:30 DEBUG 16388 --- [nio-8080-exec-9] o.s.web.servlet.DispatcherServlet        : Completed 500 INTERNAL_SERVER_ERROR
